mode: set
github.com/lzecca78/one/internal/gitlab/gitlab.go:53.55,59.16 5 1
github.com/lzecca78/one/internal/gitlab/gitlab.go:63.2,63.34 1 1
github.com/lzecca78/one/internal/gitlab/gitlab.go:59.16,62.3 1 0
github.com/lzecca78/one/internal/gitlab/gitlab.go:66.77,72.16 4 1
github.com/lzecca78/one/internal/gitlab/gitlab.go:75.2,75.23 1 1
github.com/lzecca78/one/internal/gitlab/gitlab.go:79.2,79.25 1 1
github.com/lzecca78/one/internal/gitlab/gitlab.go:72.16,74.3 1 0
github.com/lzecca78/one/internal/gitlab/gitlab.go:75.23,77.3 1 0
github.com/lzecca78/one/internal/gitlab/gitlab.go:83.78,85.16 2 1
github.com/lzecca78/one/internal/gitlab/gitlab.go:88.2,88.39 1 1
github.com/lzecca78/one/internal/gitlab/gitlab.go:85.16,87.3 1 0
github.com/lzecca78/one/internal/gitlab/gitlab.go:92.86,100.16 5 1
github.com/lzecca78/one/internal/gitlab/gitlab.go:103.2,103.22 1 1
github.com/lzecca78/one/internal/gitlab/gitlab.go:100.16,102.3 1 0
github.com/lzecca78/one/internal/gitlab/gitlab.go:106.68,109.16 3 1
github.com/lzecca78/one/internal/gitlab/gitlab.go:112.2,112.20 1 1
github.com/lzecca78/one/internal/gitlab/gitlab.go:109.16,111.3 1 0
github.com/lzecca78/one/internal/gitlab/gitlab.go:115.88,117.16 2 1
github.com/lzecca78/one/internal/gitlab/gitlab.go:120.2,121.34 2 1
github.com/lzecca78/one/internal/gitlab/gitlab.go:133.2,133.45 1 1
github.com/lzecca78/one/internal/gitlab/gitlab.go:117.16,119.3 1 0
github.com/lzecca78/one/internal/gitlab/gitlab.go:121.34,123.17 2 1
github.com/lzecca78/one/internal/gitlab/gitlab.go:126.3,131.35 1 1
github.com/lzecca78/one/internal/gitlab/gitlab.go:123.17,125.4 1 0
github.com/lzecca78/one/internal/gitlab/gitlab.go:141.136,143.23 2 1
github.com/lzecca78/one/internal/gitlab/gitlab.go:143.23,145.10 1 1
github.com/lzecca78/one/internal/gitlab/gitlab.go:146.79,146.79 0 1
github.com/lzecca78/one/internal/gitlab/gitlab.go:148.15,150.9 1 0
github.com/lzecca78/one/internal/gitlab/gitlab.go:156.96,169.33 9 1
github.com/lzecca78/one/internal/gitlab/gitlab.go:173.2,177.36 3 1
github.com/lzecca78/one/internal/gitlab/gitlab.go:183.2,186.38 3 1
github.com/lzecca78/one/internal/gitlab/gitlab.go:204.2,206.16 2 1
github.com/lzecca78/one/internal/gitlab/gitlab.go:212.2,212.20 1 1
github.com/lzecca78/one/internal/gitlab/gitlab.go:169.33,171.3 1 1
github.com/lzecca78/one/internal/gitlab/gitlab.go:177.36,182.3 2 1
github.com/lzecca78/one/internal/gitlab/gitlab.go:186.38,192.17 3 1
github.com/lzecca78/one/internal/gitlab/gitlab.go:200.3,200.44 1 1
github.com/lzecca78/one/internal/gitlab/gitlab.go:192.17,194.38 2 0
github.com/lzecca78/one/internal/gitlab/gitlab.go:198.4,198.9 1 0
github.com/lzecca78/one/internal/gitlab/gitlab.go:194.38,197.5 1 0
github.com/lzecca78/one/internal/gitlab/gitlab.go:206.16,207.37 1 1
github.com/lzecca78/one/internal/gitlab/gitlab.go:207.37,210.4 1 1
